2021/12/14-11:50 [main] INFO  com.aaa.sbm.SpringbootMybatisApplication- Starting SpringbootMybatisApplication using Java 1.8.0_162 on LAPTOP-81PAR9GS with PID 23428 (D:\idea_qy141\springboot_mybatis_demo_20211213\target\classes started by admin in D:\idea_qy141\springboot_mybatis_demo_20211213)
2021/12/14-11:50 [main] INFO  com.aaa.sbm.SpringbootMybatisApplication- No active profile set, falling back to default profiles: default
2021/12/14-11:50 [main] INFO  org.springframework.boot.web.embedded.tomcat.TomcatWebServer- Tomcat initialized with port(s): 18888 (http)
2021/12/14-11:50 [main] INFO  org.apache.catalina.core.StandardService- Starting service [Tomcat]
2021/12/14-11:50 [main] INFO  org.apache.catalina.core.StandardEngine- Starting Servlet engine: [Apache Tomcat/9.0.55]
2021/12/14-11:50 [main] WARN  org.apache.catalina.core.AprLifecycleListener- This listener must only be nested within Server elements, but is in [TomcatEmbeddedContext].
2021/12/14-11:50 [main] INFO  org.apache.catalina.core.AprLifecycleListener- An older version [1.2.28] of the Apache Tomcat Native library is installed, while Tomcat recommends a minimum version of [1.2.30]
2021/12/14-11:50 [main] INFO  org.apache.catalina.core.AprLifecycleListener- Loaded Apache Tomcat Native library [1.2.28] using APR version [1.7.0].
2021/12/14-11:50 [main] INFO  org.apache.catalina.core.AprLifecycleListener- APR capabilities: IPv6 [true], sendfile [true], accept filters [false], random [true], UDS [true].
2021/12/14-11:50 [main] INFO  org.apache.catalina.core.AprLifecycleListener- APR/OpenSSL configuration: useAprConnector [false], useOpenSSL [true]
2021/12/14-11:50 [main] INFO  org.apache.catalina.core.AprLifecycleListener- OpenSSL successfully initialized [OpenSSL 1.1.1k  25 Mar 2021]
2021/12/14-11:50 [main] INFO  org.apache.catalina.core.ContainerBase.[Tomcat].[localhost].[/]- Initializing Spring embedded WebApplicationContext
2021/12/14-11:50 [main] INFO  org.springframework.boot.web.servlet.context.ServletWebServerApplicationContext- Root WebApplicationContext: initialization completed in 1179 ms
2021/12/14-11:50 [main] INFO  springfox.documentation.spring.web.PropertySourcedRequestMappingHandlerMapping- Mapped URL path [/v2/api-docs] onto method [springfox.documentation.swagger2.web.Swagger2Controller#getDocumentation(String, HttpServletRequest)]
2021/12/14-11:50 [main] INFO  org.springframework.boot.web.embedded.tomcat.TomcatWebServer- Tomcat started on port(s): 18888 (http) with context path ''
2021/12/14-11:50 [main] INFO  springfox.documentation.spring.web.plugins.DocumentationPluginsBootstrapper- Context refreshed
2021/12/14-11:50 [main] INFO  springfox.documentation.spring.web.plugins.DocumentationPluginsBootstrapper- Found 1 custom documentation plugin(s)
2021/12/14-11:50 [main] INFO  springfox.documentation.spring.web.scanners.ApiListingReferenceScanner- Scanning for api listing references
2021/12/14-11:50 [main] INFO  com.aaa.sbm.SpringbootMybatisApplication- Started SpringbootMybatisApplication in 2.629 seconds (JVM running for 4.011)
2021/12/14-11:51 [http-nio-18888-exec-1] INFO  org.apache.catalina.core.ContainerBase.[Tomcat].[localhost].[/]- Initializing Spring DispatcherServlet 'dispatcherServlet'
2021/12/14-11:51 [http-nio-18888-exec-1] INFO  org.springframework.web.servlet.DispatcherServlet- Initializing Servlet 'dispatcherServlet'
2021/12/14-11:51 [http-nio-18888-exec-1] INFO  org.springframework.web.servlet.DispatcherServlet- Completed initialization in 1 ms
2021/12/14-11:51 [http-nio-18888-exec-1] INFO  com.aaa.sbm.controller.DeptController- 进入了部门查询方法。。。。
2021/12/14-11:51 [http-nio-18888-exec-1] INFO  com.alibaba.druid.pool.DruidDataSource- {dataSource-1} inited
2021/12/14-11:51 [http-nio-18888-exec-1] INFO  com.aaa.sbm.controller.DeptController- 部门查询方法结束。。。。
